<?xml version="1.0" encoding="UTF-8"?>
<testsuite xmlns:xsi="http://www.w3.org/2001/XMLSchema-instance" xsi:schemaLocation="https://maven.apache.org/surefire/maven-surefire-plugin/xsd/surefire-test-report.xsd" name="Scenario: Search for Heat Shrinkable Sleeving" time="279.507" tests="36" errors="0" skipped="0" failures="0">
  <properties>
    <property name="java.runtime.name" value="Java(TM) SE Runtime Environment"/>
    <property name="sun.boot.library.path" value="C:\Java\jdk1.8.0_131\jre\bin"/>
    <property name="java.vm.version" value="25.131-b11"/>
    <property name="java.vm.vendor" value="Oracle Corporation"/>
    <property name="maven.multiModuleProjectDirectory" value="C:\Projects\Testing_RS"/>
    <property name="java.vendor.url" value="http://java.oracle.com/"/>
    <property name="path.separator" value=";"/>
    <property name="guice.disable.misplaced.annotation.check" value="true"/>
    <property name="java.vm.name" value="Java HotSpot(TM) 64-Bit Server VM"/>
    <property name="file.encoding.pkg" value="sun.io"/>
    <property name="user.script" value=""/>
    <property name="user.country" value="US"/>
    <property name="sun.java.launcher" value="SUN_STANDARD"/>
    <property name="sun.os.patch.level" value=""/>
    <property name="java.vm.specification.name" value="Java Virtual Machine Specification"/>
    <property name="user.dir" value="C:\Projects\Testing_RS"/>
    <property name="java.runtime.version" value="1.8.0_131-b11"/>
    <property name="java.awt.graphicsenv" value="sun.awt.Win32GraphicsEnvironment"/>
    <property name="java.endorsed.dirs" value="C:\Java\jdk1.8.0_131\jre\lib\endorsed"/>
    <property name="os.arch" value="amd64"/>
    <property name="java.io.tmpdir" value="C:\Users\Dave\AppData\Local\Temp\"/>
    <property name="line.separator" value="&#10;"/>
    <property name="java.vm.specification.vendor" value="Oracle Corporation"/>
    <property name="user.variant" value=""/>
    <property name="os.name" value="Windows 8.1"/>
    <property name="classworlds.conf" value="C:\Apps\apache-maven-3.5.2\bin\..\bin\m2.conf"/>
    <property name="sun.jnu.encoding" value="Cp1252"/>
    <property name="java.library.path" value="C:\Java\jdk1.8.0_131\bin;C:\windows\Sun\Java\bin;C:\windows\system32;C:\windows;C:\Java\jdk1.8.0_131C:\Apps\bin;\Ant\bin;&quot;C:\Program Files (x86)\Intel\iCLS Client\&quot;;&quot;C:\Program Files\Intel\iCLS Client\&quot;;C:\windows\system32;C:\windows;C:\windows\System32\Wbem;C:\windows\System32\WindowsPowerShell\v1.0\;C:\Program Files\Samsung\AllShare Framework DMS\1.3.18\64bit\;C:\Program Files (x86)\GTK2-Runtime\bin;C:\Program Files (x86)\Windows Kits\8.1\Windows Performance Toolkit\;C:\Program Files\Intel\Intel(R) Management Engine Components\DAL;C:\Program Files\Intel\Intel(R) Management Engine Components\IPT;C:\Program Files (x86)\Intel\Intel(R) Management Engine Components\DAL;C:\Program Files (x86)\Intel\Intel(R) Management Engine Components\IPT;C:\Program Files\Microsoft SQL Server\110\Tools\Binn\;C:\Program Files (x86)\JXcore;C:\Program Files (x86)\Calibre2\;C:\Program Files\Intel\WiFi\bin\;C:\Program Files\Common Files\Intel\WirelessCommon\;C:\Nodejs\;C:\Apps\WinMerge;C:\Program Files\Samsung\SamsungLink\AllShare Framework DMS\bin\;C:\Program Files\Git\cmd;C:\Apps\apache-maven-3.5.2\bin;C:\Nodejs\node_modules\.bin;C:\Python27;C:\Users\Dave\AppData\Local\.meteor\;C:\Program Files\Intel\WiFi\bin\;C:\Program Files\Common Files\Intel\WirelessCommon\;C:\Users\Dave\AppData\Roaming\npm;."/>
    <property name="maven.conf" value="C:\Apps\apache-maven-3.5.2\bin\../conf"/>
    <property name="java.specification.name" value="Java Platform API Specification"/>
    <property name="java.class.version" value="52.0"/>
    <property name="sun.management.compiler" value="HotSpot 64-Bit Tiered Compilers"/>
    <property name="os.version" value="6.3"/>
    <property name="library.jansi.path" value="C:\Apps\apache-maven-3.5.2\bin\..\lib\jansi-native"/>
    <property name="user.home" value="C:\Users\Dave"/>
    <property name="user.timezone" value="Europe/London"/>
    <property name="java.awt.printerjob" value="sun.awt.windows.WPrinterJob"/>
    <property name="java.specification.version" value="1.8"/>
    <property name="file.encoding" value="Cp1252"/>
    <property name="user.name" value="Dave"/>
    <property name="java.class.path" value="C:\Apps\apache-maven-3.5.2\bin\..\boot\plexus-classworlds-2.5.2.jar"/>
    <property name="java.vm.specification.version" value="1.8"/>
    <property name="sun.arch.data.model" value="64"/>
    <property name="java.home" value="C:\Java\jdk1.8.0_131\jre"/>
    <property name="sun.java.command" value="org.codehaus.plexus.classworlds.launcher.Launcher test"/>
    <property name="java.specification.vendor" value="Oracle Corporation"/>
    <property name="user.language" value="en"/>
    <property name="awt.toolkit" value="sun.awt.windows.WToolkit"/>
    <property name="java.vm.info" value="mixed mode"/>
    <property name="java.version" value="1.8.0_131"/>
    <property name="java.ext.dirs" value="C:\Java\jdk1.8.0_131\jre\lib\ext;C:\windows\Sun\Java\lib\ext"/>
    <property name="sun.boot.class.path" value="C:\Java\jdk1.8.0_131\jre\lib\resources.jar;C:\Java\jdk1.8.0_131\jre\lib\rt.jar;C:\Java\jdk1.8.0_131\jre\lib\sunrsasign.jar;C:\Java\jdk1.8.0_131\jre\lib\jsse.jar;C:\Java\jdk1.8.0_131\jre\lib\jce.jar;C:\Java\jdk1.8.0_131\jre\lib\charsets.jar;C:\Java\jdk1.8.0_131\jre\lib\jfr.jar;C:\Java\jdk1.8.0_131\jre\classes"/>
    <property name="sun.stderr.encoding" value="cp850"/>
    <property name="java.vendor" value="Oracle Corporation"/>
    <property name="maven.home" value="C:\Apps\apache-maven-3.5.2\bin\.."/>
    <property name="file.separator" value="\"/>
    <property name="java.vendor.url.bug" value="http://bugreport.sun.com/bugreport/"/>
    <property name="sun.cpu.endian" value="little"/>
    <property name="sun.io.unicode.encoding" value="UnicodeLittle"/>
    <property name="sun.stdout.encoding" value="cp850"/>
    <property name="sun.desktop" value="windows"/>
    <property name="sun.cpu.isalist" value="amd64"/>
  </properties>
  <testcase name="Given I am on the RS home web page" classname="Scenario: Add item to basket and checkout as guest" time="0"/>
  <testcase name="And I search for &quot;818-8767&quot;" classname="Scenario: Add item to basket and checkout as guest" time="0"/>
  <testcase name="When I click the search button" classname="Scenario: Add item to basket and checkout as guest" time="0"/>
  <testcase name="Then I should see &quot;ABCU-5740ARZ&quot;" classname="Scenario: Add item to basket and checkout as guest" time="0.016"/>
  <testcase name="Then I make the quantity &quot;2&quot;" classname="Scenario: Add item to basket and checkout as guest" time="0"/>
  <testcase name="Then I click the add to cart button" classname="Scenario: Add item to basket and checkout as guest" time="0"/>
  <testcase name="Then I select view basket" classname="Scenario: Add item to basket and checkout as guest" time="0"/>
  <testcase name="Then I checkout basket" classname="Scenario: Add item to basket and checkout as guest" time="0"/>
  <testcase name="Then I complete order" classname="Scenario: Add item to basket and checkout as guest" time="0"/>
  <testcase name="Scenario: Add item to basket and checkout as guest" classname="Scenario: Add item to basket and checkout as guest" time="2.203"/>
  <testcase name="Given I am on the RS home web page" classname="Scenario: Add a different item to basket and checkout as guest" time="0"/>
  <testcase name="And I search for &quot;433-6016&quot;" classname="Scenario: Add a different item to basket and checkout as guest" time="0"/>
  <testcase name="When I click the search button" classname="Scenario: Add a different item to basket and checkout as guest" time="0"/>
  <testcase name="Then I should see &quot;XG12P20&quot;" classname="Scenario: Add a different item to basket and checkout as guest" time="0"/>
  <testcase name="Then I make the quantity &quot;1&quot;" classname="Scenario: Add a different item to basket and checkout as guest" time="0"/>
  <testcase name="Then I click the add to cart button" classname="Scenario: Add a different item to basket and checkout as guest" time="0"/>
  <testcase name="Then I select view basket" classname="Scenario: Add a different item to basket and checkout as guest" time="0"/>
  <testcase name="Then I checkout basket" classname="Scenario: Add a different item to basket and checkout as guest" time="0"/>
  <testcase name="Then I complete order" classname="Scenario: Add a different item to basket and checkout as guest" time="0"/>
  <testcase name="Scenario: Add a different item to basket and checkout as guest" classname="Scenario: Add a different item to basket and checkout as guest" time="2.11"/>
  <testcase name="Given I am on the RS home web page" classname="Scenario: A simple RS catalogue search scenario" time="0"/>
  <testcase name="And I search for &quot;909-8132&quot;" classname="Scenario: A simple RS catalogue search scenario" time="0"/>
  <testcase name="When I click the search button" classname="Scenario: A simple RS catalogue search scenario" time="0"/>
  <testcase name="Then I should see &quot;TZT 241 AAA-01&quot;" classname="Scenario: A simple RS catalogue search scenario" time="0"/>
  <testcase name="Scenario: A simple RS catalogue search scenario" classname="Scenario: A simple RS catalogue search scenario" time="2"/>
  <testcase name="Given I am on the RS home web page" classname="Scenario: Another simple RS catalogue search scenario" time="0"/>
  <testcase name="And I search for &quot;896-8660&quot;" classname="Scenario: Another simple RS catalogue search scenario" time="0"/>
  <testcase name="When I click the search button" classname="Scenario: Another simple RS catalogue search scenario" time="0"/>
  <testcase name="Then I should see &quot;Raspberry Pi 3 Model B&quot;" classname="Scenario: Another simple RS catalogue search scenario" time="0"/>
  <testcase name="Scenario: Another simple RS catalogue search scenario" classname="Scenario: Another simple RS catalogue search scenario" time="1.938"/>
  <testcase name="Given I am on the RS home web page" classname="Scenario: Search for Heat Shrinkable Sleeving" time="0"/>
  <testcase name="And I search for &quot;Heat Shrinkable Sleeving&quot;" classname="Scenario: Search for Heat Shrinkable Sleeving" time="0"/>
  <testcase name="When I click the search button" classname="Scenario: Search for Heat Shrinkable Sleeving" time="0"/>
  <testcase name="Then I select &quot;2508886773&quot;" classname="Scenario: Search for Heat Shrinkable Sleeving" time="0"/>
  <testcase name="Then I should see &quot;FP221 1/2 CLEAR 4&apos;&quot;" classname="Scenario: Search for Heat Shrinkable Sleeving" time="0"/>
  <testcase name="Scenario: Search for Heat Shrinkable Sleeving" classname="Scenario: Search for Heat Shrinkable Sleeving" time="1.984"/>
</testsuite>